2020-09-26 11:10:02.063 +08:00 [ERR] [GetMosaicAsync][367] Flurl.Http.FlurlHttpException: Call failed with status code 404 (Not Found): GET https://bctestnet1.brimstone.xpxsirius.io/mosaic/1BCA8BEF8BDD4155
   at Flurl.Http.FlurlRequest.HandleExceptionAsync(HttpCall call, Exception ex, CancellationToken token)
   at Flurl.Http.FlurlRequest.SendAsync(HttpMethod verb, HttpContent content, CancellationToken cancellationToken, HttpCompletionOption completionOption)
   at Flurl.Http.FlurlRequest.SendAsync(HttpMethod verb, HttpContent content, CancellationToken cancellationToken, HttpCompletionOption completionOption)
   at Flurl.Http.HttpResponseMessageExtensions.ReceiveJson[T](Task`1 response)
   at ProximaX.Sirius.Chain.Sdk.Infrastructure.MosaicHttp.<>c__DisplayClass2_0.<<GetMosaic>b__0>d.MoveNext()
--- End of stack trace from previous location where exception was thrown ---
   at System.Reactive.PlatformServices.ExceptionServicesImpl.Rethrow(Exception exception) in D:\a\1\s\Rx.NET\Source\src\System.Reactive\Internal\ExceptionServicesImpl.cs:line 16
   at System.Reactive.ExceptionHelpers.ThrowIfNotNull(Exception exception) in D:\a\1\s\Rx.NET\Source\src\System.Reactive\Internal\ExceptionServices.cs:line 22
   at System.Reactive.Subjects.AsyncSubject`1.GetResult() in D:\a\1\s\Rx.NET\Source\src\System.Reactive\Subjects\AsyncSubject.cs:line 439
   at Xarcade.Infrastructure.ProximaX.ProximaxBlockchainPortal.GetMosaicAsync(String mosaicID) in C:\Users\RANZ\csharp-xrcd-rest-proto\bsg\Xarcade.Infrastructure\ProximaX\ProximaxBlockchainPortal.cs:line 357
2020-09-26 11:10:03.719 +08:00 [ERR] [GetMosaicAsync][367] Flurl.Http.FlurlHttpException: Call failed with status code 404 (Not Found): GET https://bctestnet1.brimstone.xpxsirius.io/mosaic/1BCA8BEF8BDD4155
   at Flurl.Http.FlurlRequest.HandleExceptionAsync(HttpCall call, Exception ex, CancellationToken token)
   at Flurl.Http.FlurlRequest.SendAsync(HttpMethod verb, HttpContent content, CancellationToken cancellationToken, HttpCompletionOption completionOption)
   at Flurl.Http.FlurlRequest.SendAsync(HttpMethod verb, HttpContent content, CancellationToken cancellationToken, HttpCompletionOption completionOption)
   at Flurl.Http.HttpResponseMessageExtensions.ReceiveJson[T](Task`1 response)
   at ProximaX.Sirius.Chain.Sdk.Infrastructure.MosaicHttp.<>c__DisplayClass2_0.<<GetMosaic>b__0>d.MoveNext()
--- End of stack trace from previous location where exception was thrown ---
   at System.Reactive.PlatformServices.ExceptionServicesImpl.Rethrow(Exception exception) in D:\a\1\s\Rx.NET\Source\src\System.Reactive\Internal\ExceptionServicesImpl.cs:line 16
   at System.Reactive.ExceptionHelpers.ThrowIfNotNull(Exception exception) in D:\a\1\s\Rx.NET\Source\src\System.Reactive\Internal\ExceptionServices.cs:line 22
   at System.Reactive.Subjects.AsyncSubject`1.GetResult() in D:\a\1\s\Rx.NET\Source\src\System.Reactive\Subjects\AsyncSubject.cs:line 439
   at Xarcade.Infrastructure.ProximaX.ProximaxBlockchainPortal.GetMosaicAsync(String mosaicID) in C:\Users\RANZ\csharp-xrcd-rest-proto\bsg\Xarcade.Infrastructure\ProximaX\ProximaxBlockchainPortal.cs:line 357
2020-09-26 11:13:25.255 +08:00 [ERR] [GetMosaicAsync][367] Flurl.Http.FlurlHttpException: Call failed with status code 404 (Not Found): GET https://bctestnet1.brimstone.xpxsirius.io/mosaic/1BCA8BEF8BDD4155
   at Flurl.Http.FlurlRequest.HandleExceptionAsync(HttpCall call, Exception ex, CancellationToken token)
   at Flurl.Http.FlurlRequest.SendAsync(HttpMethod verb, HttpContent content, CancellationToken cancellationToken, HttpCompletionOption completionOption)
   at Flurl.Http.FlurlRequest.SendAsync(HttpMethod verb, HttpContent content, CancellationToken cancellationToken, HttpCompletionOption completionOption)
   at Flurl.Http.HttpResponseMessageExtensions.ReceiveJson[T](Task`1 response)
   at ProximaX.Sirius.Chain.Sdk.Infrastructure.MosaicHttp.<>c__DisplayClass2_0.<<GetMosaic>b__0>d.MoveNext()
--- End of stack trace from previous location where exception was thrown ---
   at System.Reactive.PlatformServices.ExceptionServicesImpl.Rethrow(Exception exception) in D:\a\1\s\Rx.NET\Source\src\System.Reactive\Internal\ExceptionServicesImpl.cs:line 16
   at System.Reactive.ExceptionHelpers.ThrowIfNotNull(Exception exception) in D:\a\1\s\Rx.NET\Source\src\System.Reactive\Internal\ExceptionServices.cs:line 22
   at System.Reactive.Subjects.AsyncSubject`1.GetResult() in D:\a\1\s\Rx.NET\Source\src\System.Reactive\Subjects\AsyncSubject.cs:line 439
   at Xarcade.Infrastructure.ProximaX.ProximaxBlockchainPortal.GetMosaicAsync(String mosaicID) in C:\Users\RANZ\csharp-xrcd-rest-proto\bsg\Xarcade.Infrastructure\ProximaX\ProximaxBlockchainPortal.cs:line 357
2020-09-26 11:15:04.547 +08:00 [ERR] [GetMosaicAsync][367] Flurl.Http.FlurlHttpException: Call failed with status code 404 (Not Found): GET https://bctestnet1.brimstone.xpxsirius.io/mosaic/1BCA8BEF8BDD4155
   at Flurl.Http.FlurlRequest.HandleExceptionAsync(HttpCall call, Exception ex, CancellationToken token)
   at Flurl.Http.FlurlRequest.SendAsync(HttpMethod verb, HttpContent content, CancellationToken cancellationToken, HttpCompletionOption completionOption)
   at Flurl.Http.FlurlRequest.SendAsync(HttpMethod verb, HttpContent content, CancellationToken cancellationToken, HttpCompletionOption completionOption)
   at Flurl.Http.HttpResponseMessageExtensions.ReceiveJson[T](Task`1 response)
   at ProximaX.Sirius.Chain.Sdk.Infrastructure.MosaicHttp.<>c__DisplayClass2_0.<<GetMosaic>b__0>d.MoveNext()
--- End of stack trace from previous location where exception was thrown ---
   at System.Reactive.PlatformServices.ExceptionServicesImpl.Rethrow(Exception exception) in D:\a\1\s\Rx.NET\Source\src\System.Reactive\Internal\ExceptionServicesImpl.cs:line 16
   at System.Reactive.Subjects.AsyncSubject`1.GetResult() in D:\a\1\s\Rx.NET\Source\src\System.Reactive\Subjects\AsyncSubject.cs:line 439
   at Xarcade.Infrastructure.ProximaX.ProximaxBlockchainPortal.GetMosaicAsync(String mosaicID) in C:\Users\RANZ\csharp-xrcd-rest-proto\bsg\Xarcade.Infrastructure\ProximaX\ProximaxBlockchainPortal.cs:line 357
2020-09-26 11:15:12.477 +08:00 [ERR] [GetMosaicAsync][367] Flurl.Http.FlurlHttpException: Call failed with status code 404 (Not Found): GET https://bctestnet1.brimstone.xpxsirius.io/mosaic/1BCA8BEF8BDD4155
   at Flurl.Http.FlurlRequest.HandleExceptionAsync(HttpCall call, Exception ex, CancellationToken token)
   at Flurl.Http.FlurlRequest.SendAsync(HttpMethod verb, HttpContent content, CancellationToken cancellationToken, HttpCompletionOption completionOption)
   at Flurl.Http.FlurlRequest.SendAsync(HttpMethod verb, HttpContent content, CancellationToken cancellationToken, HttpCompletionOption completionOption)
   at Flurl.Http.HttpResponseMessageExtensions.ReceiveJson[T](Task`1 response)
   at ProximaX.Sirius.Chain.Sdk.Infrastructure.MosaicHttp.<>c__DisplayClass2_0.<<GetMosaic>b__0>d.MoveNext()
--- End of stack trace from previous location where exception was thrown ---
   at System.Reactive.PlatformServices.ExceptionServicesImpl.Rethrow(Exception exception) in D:\a\1\s\Rx.NET\Source\src\System.Reactive\Internal\ExceptionServicesImpl.cs:line 16
   at System.Reactive.Subjects.AsyncSubject`1.GetResult() in D:\a\1\s\Rx.NET\Source\src\System.Reactive\Subjects\AsyncSubject.cs:line 439
   at Xarcade.Infrastructure.ProximaX.ProximaxBlockchainPortal.GetMosaicAsync(String mosaicID) in C:\Users\RANZ\csharp-xrcd-rest-proto\bsg\Xarcade.Infrastructure\ProximaX\ProximaxBlockchainPortal.cs:line 357
2020-09-26 11:15:26.608 +08:00 [ERR] [GetMosaicAsync][367] Flurl.Http.FlurlHttpException: Call failed with status code 404 (Not Found): GET https://bctestnet1.brimstone.xpxsirius.io/mosaic/1BCA8BEF8BDD4155
   at Flurl.Http.FlurlRequest.HandleExceptionAsync(HttpCall call, Exception ex, CancellationToken token)
   at Flurl.Http.FlurlRequest.SendAsync(HttpMethod verb, HttpContent content, CancellationToken cancellationToken, HttpCompletionOption completionOption)
   at Flurl.Http.FlurlRequest.SendAsync(HttpMethod verb, HttpContent content, CancellationToken cancellationToken, HttpCompletionOption completionOption)
   at Flurl.Http.HttpResponseMessageExtensions.ReceiveJson[T](Task`1 response)
   at ProximaX.Sirius.Chain.Sdk.Infrastructure.MosaicHttp.<>c__DisplayClass2_0.<<GetMosaic>b__0>d.MoveNext()
--- End of stack trace from previous location where exception was thrown ---
   at System.Reactive.PlatformServices.ExceptionServicesImpl.Rethrow(Exception exception) in D:\a\1\s\Rx.NET\Source\src\System.Reactive\Internal\ExceptionServicesImpl.cs:line 16
   at System.Reactive.Subjects.AsyncSubject`1.GetResult() in D:\a\1\s\Rx.NET\Source\src\System.Reactive\Subjects\AsyncSubject.cs:line 441
   at Xarcade.Infrastructure.ProximaX.ProximaxBlockchainPortal.GetMosaicAsync(String mosaicID) in C:\Users\RANZ\csharp-xrcd-rest-proto\bsg\Xarcade.Infrastructure\ProximaX\ProximaxBlockchainPortal.cs:line 357
2020-09-26 11:15:34.713 +08:00 [ERR] [GetMosaicAsync][367] Flurl.Http.FlurlHttpException: Call failed with status code 404 (Not Found): GET https://bctestnet1.brimstone.xpxsirius.io/mosaic/1BCA8BEF8BDD4155
   at Flurl.Http.FlurlRequest.HandleExceptionAsync(HttpCall call, Exception ex, CancellationToken token)
   at Flurl.Http.FlurlRequest.SendAsync(HttpMethod verb, HttpContent content, CancellationToken cancellationToken, HttpCompletionOption completionOption)
   at Flurl.Http.FlurlRequest.SendAsync(HttpMethod verb, HttpContent content, CancellationToken cancellationToken, HttpCompletionOption completionOption)
   at Flurl.Http.HttpResponseMessageExtensions.ReceiveJson[T](Task`1 response)
   at ProximaX.Sirius.Chain.Sdk.Infrastructure.MosaicHttp.<>c__DisplayClass2_0.<<GetMosaic>b__0>d.MoveNext()
--- End of stack trace from previous location where exception was thrown ---
   at System.Reactive.PlatformServices.ExceptionServicesImpl.Rethrow(Exception exception) in D:\a\1\s\Rx.NET\Source\src\System.Reactive\Internal\ExceptionServicesImpl.cs:line 16
   at System.Reactive.Subjects.AsyncSubject`1.GetResult() in D:\a\1\s\Rx.NET\Source\src\System.Reactive\Subjects\AsyncSubject.cs:line 441
   at Xarcade.Infrastructure.ProximaX.ProximaxBlockchainPortal.GetMosaicAsync(String mosaicID) in C:\Users\RANZ\csharp-xrcd-rest-proto\bsg\Xarcade.Infrastructure\ProximaX\ProximaxBlockchainPortal.cs:line 357
2020-09-26 11:15:36.658 +08:00 [ERR] [GetMosaicAsync][367] Flurl.Http.FlurlHttpException: Call failed with status code 404 (Not Found): GET https://bctestnet1.brimstone.xpxsirius.io/mosaic/1BCA8BEF8BDD4155
   at Flurl.Http.FlurlRequest.HandleExceptionAsync(HttpCall call, Exception ex, CancellationToken token)
   at Flurl.Http.FlurlRequest.SendAsync(HttpMethod verb, HttpContent content, CancellationToken cancellationToken, HttpCompletionOption completionOption)
   at Flurl.Http.FlurlRequest.SendAsync(HttpMethod verb, HttpContent content, CancellationToken cancellationToken, HttpCompletionOption completionOption)
   at Flurl.Http.HttpResponseMessageExtensions.ReceiveJson[T](Task`1 response)
   at ProximaX.Sirius.Chain.Sdk.Infrastructure.MosaicHttp.<>c__DisplayClass2_0.<<GetMosaic>b__0>d.MoveNext()
--- End of stack trace from previous location where exception was thrown ---
   at System.Reactive.PlatformServices.ExceptionServicesImpl.Rethrow(Exception exception) in D:\a\1\s\Rx.NET\Source\src\System.Reactive\Internal\ExceptionServicesImpl.cs:line 16
   at System.Reactive.Subjects.AsyncSubject`1.GetResult() in D:\a\1\s\Rx.NET\Source\src\System.Reactive\Subjects\AsyncSubject.cs:line 441
   at Xarcade.Infrastructure.ProximaX.ProximaxBlockchainPortal.GetMosaicAsync(String mosaicID) in C:\Users\RANZ\csharp-xrcd-rest-proto\bsg\Xarcade.Infrastructure\ProximaX\ProximaxBlockchainPortal.cs:line 357
2020-09-26 11:15:38.495 +08:00 [ERR] [GetMosaicAsync][367] Flurl.Http.FlurlHttpException: Call failed with status code 404 (Not Found): GET https://bctestnet1.brimstone.xpxsirius.io/mosaic/1BCA8BEF8BDD4155
   at Flurl.Http.FlurlRequest.HandleExceptionAsync(HttpCall call, Exception ex, CancellationToken token)
   at Flurl.Http.FlurlRequest.SendAsync(HttpMethod verb, HttpContent content, CancellationToken cancellationToken, HttpCompletionOption completionOption)
   at Flurl.Http.FlurlRequest.SendAsync(HttpMethod verb, HttpContent content, CancellationToken cancellationToken, HttpCompletionOption completionOption)
   at Flurl.Http.HttpResponseMessageExtensions.ReceiveJson[T](Task`1 response)
   at ProximaX.Sirius.Chain.Sdk.Infrastructure.MosaicHttp.<>c__DisplayClass2_0.<<GetMosaic>b__0>d.MoveNext()
--- End of stack trace from previous location where exception was thrown ---
   at System.Reactive.PlatformServices.ExceptionServicesImpl.Rethrow(Exception exception) in D:\a\1\s\Rx.NET\Source\src\System.Reactive\Internal\ExceptionServicesImpl.cs:line 16
   at System.Reactive.Subjects.AsyncSubject`1.GetResult() in D:\a\1\s\Rx.NET\Source\src\System.Reactive\Subjects\AsyncSubject.cs:line 441
   at Xarcade.Infrastructure.ProximaX.ProximaxBlockchainPortal.GetMosaicAsync(String mosaicID) in C:\Users\RANZ\csharp-xrcd-rest-proto\bsg\Xarcade.Infrastructure\ProximaX\ProximaxBlockchainPortal.cs:line 357
2020-09-26 11:16:02.804 +08:00 [ERR] [GetMosaicAsync][367] Flurl.Http.FlurlHttpException: Call failed with status code 404 (Not Found): GET https://bctestnet1.brimstone.xpxsirius.io/mosaic/1BCA8BEF8BDD4155
   at Flurl.Http.FlurlRequest.HandleExceptionAsync(HttpCall call, Exception ex, CancellationToken token)
   at Flurl.Http.FlurlRequest.SendAsync(HttpMethod verb, HttpContent content, CancellationToken cancellationToken, HttpCompletionOption completionOption)
   at Flurl.Http.FlurlRequest.SendAsync(HttpMethod verb, HttpContent content, CancellationToken cancellationToken, HttpCompletionOption completionOption)
   at Flurl.Http.HttpResponseMessageExtensions.ReceiveJson[T](Task`1 response)
   at ProximaX.Sirius.Chain.Sdk.Infrastructure.MosaicHttp.<>c__DisplayClass2_0.<<GetMosaic>b__0>d.MoveNext()
--- End of stack trace from previous location where exception was thrown ---
   at System.Reactive.PlatformServices.ExceptionServicesImpl.Rethrow(Exception exception) in D:\a\1\s\Rx.NET\Source\src\System.Reactive\Internal\ExceptionServicesImpl.cs:line 16
   at System.Reactive.Subjects.AsyncSubject`1.GetResult() in D:\a\1\s\Rx.NET\Source\src\System.Reactive\Subjects\AsyncSubject.cs:line 441
   at Xarcade.Infrastructure.ProximaX.ProximaxBlockchainPortal.GetMosaicAsync(String mosaicID) in C:\Users\RANZ\csharp-xrcd-rest-proto\bsg\Xarcade.Infrastructure\ProximaX\ProximaxBlockchainPortal.cs:line 357
