2020-10-01 11:29:21.440 +08:00 [ERR] [GetMosaicAsync][404] Flurl.Http.FlurlHttpException: Call failed with status code 404 (Not Found): GET https://bctestnet1.brimstone.xpxsirius.io/mosaic/3597AC5364D347C7
   at Flurl.Http.FlurlRequest.HandleExceptionAsync(HttpCall call, Exception ex, CancellationToken token)
   at Flurl.Http.FlurlRequest.SendAsync(HttpMethod verb, HttpContent content, CancellationToken cancellationToken, HttpCompletionOption completionOption)
   at Flurl.Http.FlurlRequest.SendAsync(HttpMethod verb, HttpContent content, CancellationToken cancellationToken, HttpCompletionOption completionOption)
   at Flurl.Http.HttpResponseMessageExtensions.ReceiveJson[T](Task`1 response)
   at ProximaX.Sirius.Chain.Sdk.Infrastructure.MosaicHttp.<>c__DisplayClass2_0.<<GetMosaic>b__0>d.MoveNext()
--- End of stack trace from previous location where exception was thrown ---
   at System.Reactive.PlatformServices.ExceptionServicesImpl.Rethrow(Exception exception) in D:\a\1\s\Rx.NET\Source\src\System.Reactive\Internal\ExceptionServicesImpl.cs:line 16
   at System.Reactive.ExceptionHelpers.ThrowIfNotNull(Exception exception) in D:\a\1\s\Rx.NET\Source\src\System.Reactive\Internal\ExceptionServices.cs:line 22
   at System.Reactive.Subjects.AsyncSubject`1.GetResult() in D:\a\1\s\Rx.NET\Source\src\System.Reactive\Subjects\AsyncSubject.cs:line 439
   at Xarcade.Infrastructure.ProximaX.ProximaxBlockchainPortal.GetMosaicAsync(String mosaicID) in D:\Projects\dotnet\csharp-xrcd-rest-proto\bsg\Xarcade.Infrastructure\ProximaX\ProximaxBlockchainPortal.cs:line 394
2020-10-01 11:29:21.600 +08:00 [ERR] [GetMosaicAsync][404] Flurl.Http.FlurlHttpException: Call failed with status code 404 (Not Found): GET https://bctestnet1.brimstone.xpxsirius.io/mosaic/0389B54D6E684CE9
   at Flurl.Http.FlurlRequest.HandleExceptionAsync(HttpCall call, Exception ex, CancellationToken token)
   at Flurl.Http.FlurlRequest.SendAsync(HttpMethod verb, HttpContent content, CancellationToken cancellationToken, HttpCompletionOption completionOption)
   at Flurl.Http.FlurlRequest.SendAsync(HttpMethod verb, HttpContent content, CancellationToken cancellationToken, HttpCompletionOption completionOption)
   at Flurl.Http.HttpResponseMessageExtensions.ReceiveJson[T](Task`1 response)
   at ProximaX.Sirius.Chain.Sdk.Infrastructure.MosaicHttp.<>c__DisplayClass2_0.<<GetMosaic>b__0>d.MoveNext()
--- End of stack trace from previous location where exception was thrown ---
   at System.Reactive.PlatformServices.ExceptionServicesImpl.Rethrow(Exception exception) in D:\a\1\s\Rx.NET\Source\src\System.Reactive\Internal\ExceptionServicesImpl.cs:line 16
   at System.Reactive.ExceptionHelpers.ThrowIfNotNull(Exception exception) in D:\a\1\s\Rx.NET\Source\src\System.Reactive\Internal\ExceptionServices.cs:line 22
   at System.Reactive.Subjects.AsyncSubject`1.GetResult() in D:\a\1\s\Rx.NET\Source\src\System.Reactive\Subjects\AsyncSubject.cs:line 439
   at Xarcade.Infrastructure.ProximaX.ProximaxBlockchainPortal.GetMosaicAsync(String mosaicID) in D:\Projects\dotnet\csharp-xrcd-rest-proto\bsg\Xarcade.Infrastructure\ProximaX\ProximaxBlockchainPortal.cs:line 394
2020-10-01 11:29:21.730 +08:00 [ERR] [GetMosaicAsync][404] Flurl.Http.FlurlHttpException: Call failed with status code 404 (Not Found): GET https://bctestnet1.brimstone.xpxsirius.io/mosaic/4675A7A3E83C072A
   at Flurl.Http.FlurlRequest.HandleExceptionAsync(HttpCall call, Exception ex, CancellationToken token)
   at Flurl.Http.FlurlRequest.SendAsync(HttpMethod verb, HttpContent content, CancellationToken cancellationToken, HttpCompletionOption completionOption)
   at Flurl.Http.FlurlRequest.SendAsync(HttpMethod verb, HttpContent content, CancellationToken cancellationToken, HttpCompletionOption completionOption)
   at Flurl.Http.HttpResponseMessageExtensions.ReceiveJson[T](Task`1 response)
   at ProximaX.Sirius.Chain.Sdk.Infrastructure.MosaicHttp.<>c__DisplayClass2_0.<<GetMosaic>b__0>d.MoveNext()
--- End of stack trace from previous location where exception was thrown ---
   at System.Reactive.PlatformServices.ExceptionServicesImpl.Rethrow(Exception exception) in D:\a\1\s\Rx.NET\Source\src\System.Reactive\Internal\ExceptionServicesImpl.cs:line 16
   at System.Reactive.ExceptionHelpers.ThrowIfNotNull(Exception exception) in D:\a\1\s\Rx.NET\Source\src\System.Reactive\Internal\ExceptionServices.cs:line 22
   at System.Reactive.Subjects.AsyncSubject`1.GetResult() in D:\a\1\s\Rx.NET\Source\src\System.Reactive\Subjects\AsyncSubject.cs:line 439
   at Xarcade.Infrastructure.ProximaX.ProximaxBlockchainPortal.GetMosaicAsync(String mosaicID) in D:\Projects\dotnet\csharp-xrcd-rest-proto\bsg\Xarcade.Infrastructure\ProximaX\ProximaxBlockchainPortal.cs:line 394
2020-10-01 11:29:21.902 +08:00 [ERR] [GetMosaicAsync][404] Flurl.Http.FlurlHttpException: Call failed with status code 404 (Not Found): GET https://bctestnet1.brimstone.xpxsirius.io/mosaic/21CE233480900B5E
   at Flurl.Http.FlurlRequest.HandleExceptionAsync(HttpCall call, Exception ex, CancellationToken token)
   at Flurl.Http.FlurlRequest.SendAsync(HttpMethod verb, HttpContent content, CancellationToken cancellationToken, HttpCompletionOption completionOption)
   at Flurl.Http.FlurlRequest.SendAsync(HttpMethod verb, HttpContent content, CancellationToken cancellationToken, HttpCompletionOption completionOption)
   at Flurl.Http.HttpResponseMessageExtensions.ReceiveJson[T](Task`1 response)
   at ProximaX.Sirius.Chain.Sdk.Infrastructure.MosaicHttp.<>c__DisplayClass2_0.<<GetMosaic>b__0>d.MoveNext()
--- End of stack trace from previous location where exception was thrown ---
   at System.Reactive.PlatformServices.ExceptionServicesImpl.Rethrow(Exception exception) in D:\a\1\s\Rx.NET\Source\src\System.Reactive\Internal\ExceptionServicesImpl.cs:line 16
   at System.Reactive.ExceptionHelpers.ThrowIfNotNull(Exception exception) in D:\a\1\s\Rx.NET\Source\src\System.Reactive\Internal\ExceptionServices.cs:line 22
   at System.Reactive.Subjects.AsyncSubject`1.GetResult() in D:\a\1\s\Rx.NET\Source\src\System.Reactive\Subjects\AsyncSubject.cs:line 439
   at Xarcade.Infrastructure.ProximaX.ProximaxBlockchainPortal.GetMosaicAsync(String mosaicID) in D:\Projects\dotnet\csharp-xrcd-rest-proto\bsg\Xarcade.Infrastructure\ProximaX\ProximaxBlockchainPortal.cs:line 394
2020-10-01 11:29:22.032 +08:00 [ERR] [GetMosaicAsync][404] Flurl.Http.FlurlHttpException: Call failed with status code 404 (Not Found): GET https://bctestnet1.brimstone.xpxsirius.io/mosaic/49021841158965BA
   at Flurl.Http.FlurlRequest.HandleExceptionAsync(HttpCall call, Exception ex, CancellationToken token)
   at Flurl.Http.FlurlRequest.SendAsync(HttpMethod verb, HttpContent content, CancellationToken cancellationToken, HttpCompletionOption completionOption)
   at Flurl.Http.FlurlRequest.SendAsync(HttpMethod verb, HttpContent content, CancellationToken cancellationToken, HttpCompletionOption completionOption)
   at Flurl.Http.HttpResponseMessageExtensions.ReceiveJson[T](Task`1 response)
   at ProximaX.Sirius.Chain.Sdk.Infrastructure.MosaicHttp.<>c__DisplayClass2_0.<<GetMosaic>b__0>d.MoveNext()
--- End of stack trace from previous location where exception was thrown ---
   at System.Reactive.PlatformServices.ExceptionServicesImpl.Rethrow(Exception exception) in D:\a\1\s\Rx.NET\Source\src\System.Reactive\Internal\ExceptionServicesImpl.cs:line 16
   at System.Reactive.ExceptionHelpers.ThrowIfNotNull(Exception exception) in D:\a\1\s\Rx.NET\Source\src\System.Reactive\Internal\ExceptionServices.cs:line 22
   at System.Reactive.Subjects.AsyncSubject`1.GetResult() in D:\a\1\s\Rx.NET\Source\src\System.Reactive\Subjects\AsyncSubject.cs:line 439
   at Xarcade.Infrastructure.ProximaX.ProximaxBlockchainPortal.GetMosaicAsync(String mosaicID) in D:\Projects\dotnet\csharp-xrcd-rest-proto\bsg\Xarcade.Infrastructure\ProximaX\ProximaxBlockchainPortal.cs:line 394
2020-10-01 11:29:22.165 +08:00 [ERR] [GetMosaicAsync][404] Flurl.Http.FlurlHttpException: Call failed with status code 404 (Not Found): GET https://bctestnet1.brimstone.xpxsirius.io/mosaic/27109786D2C87B4C
   at Flurl.Http.FlurlRequest.HandleExceptionAsync(HttpCall call, Exception ex, CancellationToken token)
   at Flurl.Http.FlurlRequest.SendAsync(HttpMethod verb, HttpContent content, CancellationToken cancellationToken, HttpCompletionOption completionOption)
   at Flurl.Http.FlurlRequest.SendAsync(HttpMethod verb, HttpContent content, CancellationToken cancellationToken, HttpCompletionOption completionOption)
   at Flurl.Http.HttpResponseMessageExtensions.ReceiveJson[T](Task`1 response)
   at ProximaX.Sirius.Chain.Sdk.Infrastructure.MosaicHttp.<>c__DisplayClass2_0.<<GetMosaic>b__0>d.MoveNext()
--- End of stack trace from previous location where exception was thrown ---
   at System.Reactive.PlatformServices.ExceptionServicesImpl.Rethrow(Exception exception) in D:\a\1\s\Rx.NET\Source\src\System.Reactive\Internal\ExceptionServicesImpl.cs:line 16
   at System.Reactive.ExceptionHelpers.ThrowIfNotNull(Exception exception) in D:\a\1\s\Rx.NET\Source\src\System.Reactive\Internal\ExceptionServices.cs:line 22
   at System.Reactive.Subjects.AsyncSubject`1.GetResult() in D:\a\1\s\Rx.NET\Source\src\System.Reactive\Subjects\AsyncSubject.cs:line 439
   at Xarcade.Infrastructure.ProximaX.ProximaxBlockchainPortal.GetMosaicAsync(String mosaicID) in D:\Projects\dotnet\csharp-xrcd-rest-proto\bsg\Xarcade.Infrastructure\ProximaX\ProximaxBlockchainPortal.cs:line 394
2020-10-01 11:29:22.294 +08:00 [ERR] [GetMosaicAsync][404] Flurl.Http.FlurlHttpException: Call failed with status code 404 (Not Found): GET https://bctestnet1.brimstone.xpxsirius.io/mosaic/090ECE918E55BC89
   at Flurl.Http.FlurlRequest.HandleExceptionAsync(HttpCall call, Exception ex, CancellationToken token)
   at Flurl.Http.FlurlRequest.SendAsync(HttpMethod verb, HttpContent content, CancellationToken cancellationToken, HttpCompletionOption completionOption)
   at Flurl.Http.FlurlRequest.SendAsync(HttpMethod verb, HttpContent content, CancellationToken cancellationToken, HttpCompletionOption completionOption)
   at Flurl.Http.HttpResponseMessageExtensions.ReceiveJson[T](Task`1 response)
   at ProximaX.Sirius.Chain.Sdk.Infrastructure.MosaicHttp.<>c__DisplayClass2_0.<<GetMosaic>b__0>d.MoveNext()
--- End of stack trace from previous location where exception was thrown ---
   at System.Reactive.PlatformServices.ExceptionServicesImpl.Rethrow(Exception exception) in D:\a\1\s\Rx.NET\Source\src\System.Reactive\Internal\ExceptionServicesImpl.cs:line 16
   at System.Reactive.ExceptionHelpers.ThrowIfNotNull(Exception exception) in D:\a\1\s\Rx.NET\Source\src\System.Reactive\Internal\ExceptionServices.cs:line 22
   at System.Reactive.Subjects.AsyncSubject`1.GetResult() in D:\a\1\s\Rx.NET\Source\src\System.Reactive\Subjects\AsyncSubject.cs:line 439
   at Xarcade.Infrastructure.ProximaX.ProximaxBlockchainPortal.GetMosaicAsync(String mosaicID) in D:\Projects\dotnet\csharp-xrcd-rest-proto\bsg\Xarcade.Infrastructure\ProximaX\ProximaxBlockchainPortal.cs:line 394
2020-10-01 11:29:23.586 +08:00 [ERR] [GetMosaicAsync][404] Flurl.Http.FlurlHttpException: Call failed with status code 404 (Not Found): GET https://bctestnet1.brimstone.xpxsirius.io/mosaic/1BCA8BEF8BDD4155
   at Flurl.Http.FlurlRequest.HandleExceptionAsync(HttpCall call, Exception ex, CancellationToken token)
   at Flurl.Http.FlurlRequest.SendAsync(HttpMethod verb, HttpContent content, CancellationToken cancellationToken, HttpCompletionOption completionOption)
   at Flurl.Http.FlurlRequest.SendAsync(HttpMethod verb, HttpContent content, CancellationToken cancellationToken, HttpCompletionOption completionOption)
   at Flurl.Http.HttpResponseMessageExtensions.ReceiveJson[T](Task`1 response)
   at ProximaX.Sirius.Chain.Sdk.Infrastructure.MosaicHttp.<>c__DisplayClass2_0.<<GetMosaic>b__0>d.MoveNext()
--- End of stack trace from previous location where exception was thrown ---
   at System.Reactive.PlatformServices.ExceptionServicesImpl.Rethrow(Exception exception) in D:\a\1\s\Rx.NET\Source\src\System.Reactive\Internal\ExceptionServicesImpl.cs:line 16
   at System.Reactive.ExceptionHelpers.ThrowIfNotNull(Exception exception) in D:\a\1\s\Rx.NET\Source\src\System.Reactive\Internal\ExceptionServices.cs:line 22
   at System.Reactive.Subjects.AsyncSubject`1.GetResult() in D:\a\1\s\Rx.NET\Source\src\System.Reactive\Subjects\AsyncSubject.cs:line 439
   at Xarcade.Infrastructure.ProximaX.ProximaxBlockchainPortal.GetMosaicAsync(String mosaicID) in D:\Projects\dotnet\csharp-xrcd-rest-proto\bsg\Xarcade.Infrastructure\ProximaX\ProximaxBlockchainPortal.cs:line 394
2020-10-01 11:29:23.716 +08:00 [ERR] [GetMosaicAsync][404] Flurl.Http.FlurlHttpException: Call failed with status code 404 (Not Found): GET https://bctestnet1.brimstone.xpxsirius.io/mosaic/301CC208CD80610B
   at Flurl.Http.FlurlRequest.HandleExceptionAsync(HttpCall call, Exception ex, CancellationToken token)
   at Flurl.Http.FlurlRequest.SendAsync(HttpMethod verb, HttpContent content, CancellationToken cancellationToken, HttpCompletionOption completionOption)
   at Flurl.Http.FlurlRequest.SendAsync(HttpMethod verb, HttpContent content, CancellationToken cancellationToken, HttpCompletionOption completionOption)
   at Flurl.Http.HttpResponseMessageExtensions.ReceiveJson[T](Task`1 response)
   at ProximaX.Sirius.Chain.Sdk.Infrastructure.MosaicHttp.<>c__DisplayClass2_0.<<GetMosaic>b__0>d.MoveNext()
--- End of stack trace from previous location where exception was thrown ---
   at System.Reactive.PlatformServices.ExceptionServicesImpl.Rethrow(Exception exception) in D:\a\1\s\Rx.NET\Source\src\System.Reactive\Internal\ExceptionServicesImpl.cs:line 16
   at System.Reactive.ExceptionHelpers.ThrowIfNotNull(Exception exception) in D:\a\1\s\Rx.NET\Source\src\System.Reactive\Internal\ExceptionServices.cs:line 22
   at System.Reactive.Subjects.AsyncSubject`1.GetResult() in D:\a\1\s\Rx.NET\Source\src\System.Reactive\Subjects\AsyncSubject.cs:line 439
   at Xarcade.Infrastructure.ProximaX.ProximaxBlockchainPortal.GetMosaicAsync(String mosaicID) in D:\Projects\dotnet\csharp-xrcd-rest-proto\bsg\Xarcade.Infrastructure\ProximaX\ProximaxBlockchainPortal.cs:line 394
2020-10-01 11:29:23.844 +08:00 [ERR] [GetMosaicAsync][404] Flurl.Http.FlurlHttpException: Call failed with status code 404 (Not Found): GET https://bctestnet1.brimstone.xpxsirius.io/mosaic/1C72859199E5A95B
   at Flurl.Http.FlurlRequest.HandleExceptionAsync(HttpCall call, Exception ex, CancellationToken token)
   at Flurl.Http.FlurlRequest.SendAsync(HttpMethod verb, HttpContent content, CancellationToken cancellationToken, HttpCompletionOption completionOption)
   at Flurl.Http.FlurlRequest.SendAsync(HttpMethod verb, HttpContent content, CancellationToken cancellationToken, HttpCompletionOption completionOption)
   at Flurl.Http.HttpResponseMessageExtensions.ReceiveJson[T](Task`1 response)
   at ProximaX.Sirius.Chain.Sdk.Infrastructure.MosaicHttp.<>c__DisplayClass2_0.<<GetMosaic>b__0>d.MoveNext()
--- End of stack trace from previous location where exception was thrown ---
   at System.Reactive.PlatformServices.ExceptionServicesImpl.Rethrow(Exception exception) in D:\a\1\s\Rx.NET\Source\src\System.Reactive\Internal\ExceptionServicesImpl.cs:line 16
   at System.Reactive.ExceptionHelpers.ThrowIfNotNull(Exception exception) in D:\a\1\s\Rx.NET\Source\src\System.Reactive\Internal\ExceptionServices.cs:line 22
   at System.Reactive.Subjects.AsyncSubject`1.GetResult() in D:\a\1\s\Rx.NET\Source\src\System.Reactive\Subjects\AsyncSubject.cs:line 439
   at Xarcade.Infrastructure.ProximaX.ProximaxBlockchainPortal.GetMosaicAsync(String mosaicID) in D:\Projects\dotnet\csharp-xrcd-rest-proto\bsg\Xarcade.Infrastructure\ProximaX\ProximaxBlockchainPortal.cs:line 394
2020-10-01 11:29:23.974 +08:00 [ERR] [GetMosaicAsync][404] Flurl.Http.FlurlHttpException: Call failed with status code 404 (Not Found): GET https://bctestnet1.brimstone.xpxsirius.io/mosaic/6AC94723313C9D79
   at Flurl.Http.FlurlRequest.HandleExceptionAsync(HttpCall call, Exception ex, CancellationToken token)
   at Flurl.Http.FlurlRequest.SendAsync(HttpMethod verb, HttpContent content, CancellationToken cancellationToken, HttpCompletionOption completionOption)
   at Flurl.Http.FlurlRequest.SendAsync(HttpMethod verb, HttpContent content, CancellationToken cancellationToken, HttpCompletionOption completionOption)
   at Flurl.Http.HttpResponseMessageExtensions.ReceiveJson[T](Task`1 response)
   at ProximaX.Sirius.Chain.Sdk.Infrastructure.MosaicHttp.<>c__DisplayClass2_0.<<GetMosaic>b__0>d.MoveNext()
--- End of stack trace from previous location where exception was thrown ---
   at System.Reactive.PlatformServices.ExceptionServicesImpl.Rethrow(Exception exception) in D:\a\1\s\Rx.NET\Source\src\System.Reactive\Internal\ExceptionServicesImpl.cs:line 16
   at System.Reactive.ExceptionHelpers.ThrowIfNotNull(Exception exception) in D:\a\1\s\Rx.NET\Source\src\System.Reactive\Internal\ExceptionServices.cs:line 22
   at System.Reactive.Subjects.AsyncSubject`1.GetResult() in D:\a\1\s\Rx.NET\Source\src\System.Reactive\Subjects\AsyncSubject.cs:line 439
   at Xarcade.Infrastructure.ProximaX.ProximaxBlockchainPortal.GetMosaicAsync(String mosaicID) in D:\Projects\dotnet\csharp-xrcd-rest-proto\bsg\Xarcade.Infrastructure\ProximaX\ProximaxBlockchainPortal.cs:line 394
2020-10-01 11:29:24.101 +08:00 [ERR] [GetMosaicAsync][404] Flurl.Http.FlurlHttpException: Call failed with status code 404 (Not Found): GET https://bctestnet1.brimstone.xpxsirius.io/mosaic/34CE6EB4051363D8
   at Flurl.Http.FlurlRequest.HandleExceptionAsync(HttpCall call, Exception ex, CancellationToken token)
   at Flurl.Http.FlurlRequest.SendAsync(HttpMethod verb, HttpContent content, CancellationToken cancellationToken, HttpCompletionOption completionOption)
   at Flurl.Http.FlurlRequest.SendAsync(HttpMethod verb, HttpContent content, CancellationToken cancellationToken, HttpCompletionOption completionOption)
   at Flurl.Http.HttpResponseMessageExtensions.ReceiveJson[T](Task`1 response)
   at ProximaX.Sirius.Chain.Sdk.Infrastructure.MosaicHttp.<>c__DisplayClass2_0.<<GetMosaic>b__0>d.MoveNext()
--- End of stack trace from previous location where exception was thrown ---
   at System.Reactive.PlatformServices.ExceptionServicesImpl.Rethrow(Exception exception) in D:\a\1\s\Rx.NET\Source\src\System.Reactive\Internal\ExceptionServicesImpl.cs:line 16
   at System.Reactive.ExceptionHelpers.ThrowIfNotNull(Exception exception) in D:\a\1\s\Rx.NET\Source\src\System.Reactive\Internal\ExceptionServices.cs:line 22
   at System.Reactive.Subjects.AsyncSubject`1.GetResult() in D:\a\1\s\Rx.NET\Source\src\System.Reactive\Subjects\AsyncSubject.cs:line 439
   at Xarcade.Infrastructure.ProximaX.ProximaxBlockchainPortal.GetMosaicAsync(String mosaicID) in D:\Projects\dotnet\csharp-xrcd-rest-proto\bsg\Xarcade.Infrastructure\ProximaX\ProximaxBlockchainPortal.cs:line 394
2020-10-01 11:29:24.231 +08:00 [ERR] [GetMosaicAsync][404] Flurl.Http.FlurlHttpException: Call failed with status code 404 (Not Found): GET https://bctestnet1.brimstone.xpxsirius.io/mosaic/75188DA4E602E433
   at Flurl.Http.FlurlRequest.HandleExceptionAsync(HttpCall call, Exception ex, CancellationToken token)
   at Flurl.Http.FlurlRequest.SendAsync(HttpMethod verb, HttpContent content, CancellationToken cancellationToken, HttpCompletionOption completionOption)
   at Flurl.Http.FlurlRequest.SendAsync(HttpMethod verb, HttpContent content, CancellationToken cancellationToken, HttpCompletionOption completionOption)
   at Flurl.Http.HttpResponseMessageExtensions.ReceiveJson[T](Task`1 response)
   at ProximaX.Sirius.Chain.Sdk.Infrastructure.MosaicHttp.<>c__DisplayClass2_0.<<GetMosaic>b__0>d.MoveNext()
--- End of stack trace from previous location where exception was thrown ---
   at System.Reactive.PlatformServices.ExceptionServicesImpl.Rethrow(Exception exception) in D:\a\1\s\Rx.NET\Source\src\System.Reactive\Internal\ExceptionServicesImpl.cs:line 16
   at System.Reactive.ExceptionHelpers.ThrowIfNotNull(Exception exception) in D:\a\1\s\Rx.NET\Source\src\System.Reactive\Internal\ExceptionServices.cs:line 22
   at System.Reactive.Subjects.AsyncSubject`1.GetResult() in D:\a\1\s\Rx.NET\Source\src\System.Reactive\Subjects\AsyncSubject.cs:line 439
   at Xarcade.Infrastructure.ProximaX.ProximaxBlockchainPortal.GetMosaicAsync(String mosaicID) in D:\Projects\dotnet\csharp-xrcd-rest-proto\bsg\Xarcade.Infrastructure\ProximaX\ProximaxBlockchainPortal.cs:line 394
2020-10-01 11:29:24.360 +08:00 [ERR] [GetMosaicAsync][404] Flurl.Http.FlurlHttpException: Call failed with status code 404 (Not Found): GET https://bctestnet1.brimstone.xpxsirius.io/mosaic/66BB115DB9C12848
   at Flurl.Http.FlurlRequest.HandleExceptionAsync(HttpCall call, Exception ex, CancellationToken token)
   at Flurl.Http.FlurlRequest.SendAsync(HttpMethod verb, HttpContent content, CancellationToken cancellationToken, HttpCompletionOption completionOption)
   at Flurl.Http.FlurlRequest.SendAsync(HttpMethod verb, HttpContent content, CancellationToken cancellationToken, HttpCompletionOption completionOption)
   at Flurl.Http.HttpResponseMessageExtensions.ReceiveJson[T](Task`1 response)
   at ProximaX.Sirius.Chain.Sdk.Infrastructure.MosaicHttp.<>c__DisplayClass2_0.<<GetMosaic>b__0>d.MoveNext()
--- End of stack trace from previous location where exception was thrown ---
   at System.Reactive.PlatformServices.ExceptionServicesImpl.Rethrow(Exception exception) in D:\a\1\s\Rx.NET\Source\src\System.Reactive\Internal\ExceptionServicesImpl.cs:line 16
   at System.Reactive.ExceptionHelpers.ThrowIfNotNull(Exception exception) in D:\a\1\s\Rx.NET\Source\src\System.Reactive\Internal\ExceptionServices.cs:line 22
   at System.Reactive.Subjects.AsyncSubject`1.GetResult() in D:\a\1\s\Rx.NET\Source\src\System.Reactive\Subjects\AsyncSubject.cs:line 439
   at Xarcade.Infrastructure.ProximaX.ProximaxBlockchainPortal.GetMosaicAsync(String mosaicID) in D:\Projects\dotnet\csharp-xrcd-rest-proto\bsg\Xarcade.Infrastructure\ProximaX\ProximaxBlockchainPortal.cs:line 394
2020-10-01 11:29:24.487 +08:00 [ERR] [GetMosaicAsync][404] Flurl.Http.FlurlHttpException: Call failed with status code 404 (Not Found): GET https://bctestnet1.brimstone.xpxsirius.io/mosaic/14FA0ABED46448E3
   at Flurl.Http.FlurlRequest.HandleExceptionAsync(HttpCall call, Exception ex, CancellationToken token)
   at Flurl.Http.FlurlRequest.SendAsync(HttpMethod verb, HttpContent content, CancellationToken cancellationToken, HttpCompletionOption completionOption)
   at Flurl.Http.FlurlRequest.SendAsync(HttpMethod verb, HttpContent content, CancellationToken cancellationToken, HttpCompletionOption completionOption)
   at Flurl.Http.HttpResponseMessageExtensions.ReceiveJson[T](Task`1 response)
   at ProximaX.Sirius.Chain.Sdk.Infrastructure.MosaicHttp.<>c__DisplayClass2_0.<<GetMosaic>b__0>d.MoveNext()
--- End of stack trace from previous location where exception was thrown ---
   at System.Reactive.PlatformServices.ExceptionServicesImpl.Rethrow(Exception exception) in D:\a\1\s\Rx.NET\Source\src\System.Reactive\Internal\ExceptionServicesImpl.cs:line 16
   at System.Reactive.ExceptionHelpers.ThrowIfNotNull(Exception exception) in D:\a\1\s\Rx.NET\Source\src\System.Reactive\Internal\ExceptionServices.cs:line 22
   at System.Reactive.Subjects.AsyncSubject`1.GetResult() in D:\a\1\s\Rx.NET\Source\src\System.Reactive\Subjects\AsyncSubject.cs:line 439
   at Xarcade.Infrastructure.ProximaX.ProximaxBlockchainPortal.GetMosaicAsync(String mosaicID) in D:\Projects\dotnet\csharp-xrcd-rest-proto\bsg\Xarcade.Infrastructure\ProximaX\ProximaxBlockchainPortal.cs:line 394
2020-10-01 11:29:24.748 +08:00 [ERR] [GetMosaicAsync][404] Flurl.Http.FlurlHttpException: Call failed with status code 404 (Not Found): GET https://bctestnet1.brimstone.xpxsirius.io/mosaic/57AA4E0B1B7EA9D0
   at Flurl.Http.FlurlRequest.HandleExceptionAsync(HttpCall call, Exception ex, CancellationToken token)
   at Flurl.Http.FlurlRequest.SendAsync(HttpMethod verb, HttpContent content, CancellationToken cancellationToken, HttpCompletionOption completionOption)
   at Flurl.Http.FlurlRequest.SendAsync(HttpMethod verb, HttpContent content, CancellationToken cancellationToken, HttpCompletionOption completionOption)
   at Flurl.Http.HttpResponseMessageExtensions.ReceiveJson[T](Task`1 response)
   at ProximaX.Sirius.Chain.Sdk.Infrastructure.MosaicHttp.<>c__DisplayClass2_0.<<GetMosaic>b__0>d.MoveNext()
--- End of stack trace from previous location where exception was thrown ---
   at System.Reactive.PlatformServices.ExceptionServicesImpl.Rethrow(Exception exception) in D:\a\1\s\Rx.NET\Source\src\System.Reactive\Internal\ExceptionServicesImpl.cs:line 16
   at System.Reactive.ExceptionHelpers.ThrowIfNotNull(Exception exception) in D:\a\1\s\Rx.NET\Source\src\System.Reactive\Internal\ExceptionServices.cs:line 22
   at System.Reactive.Subjects.AsyncSubject`1.GetResult() in D:\a\1\s\Rx.NET\Source\src\System.Reactive\Subjects\AsyncSubject.cs:line 439
   at Xarcade.Infrastructure.ProximaX.ProximaxBlockchainPortal.GetMosaicAsync(String mosaicID) in D:\Projects\dotnet\csharp-xrcd-rest-proto\bsg\Xarcade.Infrastructure\ProximaX\ProximaxBlockchainPortal.cs:line 394
2020-10-01 11:29:24.877 +08:00 [ERR] [GetMosaicAsync][404] Flurl.Http.FlurlHttpException: Call failed with status code 404 (Not Found): GET https://bctestnet1.brimstone.xpxsirius.io/mosaic/4049B155BD534C47
   at Flurl.Http.FlurlRequest.HandleExceptionAsync(HttpCall call, Exception ex, CancellationToken token)
   at Flurl.Http.FlurlRequest.SendAsync(HttpMethod verb, HttpContent content, CancellationToken cancellationToken, HttpCompletionOption completionOption)
   at Flurl.Http.FlurlRequest.SendAsync(HttpMethod verb, HttpContent content, CancellationToken cancellationToken, HttpCompletionOption completionOption)
   at Flurl.Http.HttpResponseMessageExtensions.ReceiveJson[T](Task`1 response)
   at ProximaX.Sirius.Chain.Sdk.Infrastructure.MosaicHttp.<>c__DisplayClass2_0.<<GetMosaic>b__0>d.MoveNext()
--- End of stack trace from previous location where exception was thrown ---
   at System.Reactive.PlatformServices.ExceptionServicesImpl.Rethrow(Exception exception) in D:\a\1\s\Rx.NET\Source\src\System.Reactive\Internal\ExceptionServicesImpl.cs:line 16
   at System.Reactive.ExceptionHelpers.ThrowIfNotNull(Exception exception) in D:\a\1\s\Rx.NET\Source\src\System.Reactive\Internal\ExceptionServices.cs:line 22
   at System.Reactive.Subjects.AsyncSubject`1.GetResult() in D:\a\1\s\Rx.NET\Source\src\System.Reactive\Subjects\AsyncSubject.cs:line 439
   at Xarcade.Infrastructure.ProximaX.ProximaxBlockchainPortal.GetMosaicAsync(String mosaicID) in D:\Projects\dotnet\csharp-xrcd-rest-proto\bsg\Xarcade.Infrastructure\ProximaX\ProximaxBlockchainPortal.cs:line 394
