2020-09-23 13:50:04.433 +08:00 [ERR] [ReadDocument][148] Document does not exist!!
2020-09-23 13:50:12.640 +08:00 [ERR] [ReadDocument][148] Document does not exist!!
2020-09-23 13:50:17.143 +08:00 [ERR] [ReadDocument][148] Document does not exist!!
2020-09-23 13:50:49.702 +08:00 [ERR] [ReadDocument][148] Document does not exist!!
2020-09-23 13:51:10.096 +08:00 [ERR] [ReadDocument][148] Document does not exist!!
2020-09-23 13:53:17.689 +08:00 [ERR] [ReadDocument][148] Document does not exist!!
2020-09-23 13:54:19.361 +08:00 [ERR] [ReadDocument][148] Document does not exist!!
2020-09-23 13:56:36.494 +08:00 [ERR] [ReadDocument][148] Document does not exist!!
2020-09-23 13:57:21.747 +08:00 [ERR] [ReadDocument][148] Document does not exist!!
2020-09-23 13:57:26.485 +08:00 [ERR] [ReadDocument][148] Document does not exist!!
2020-09-23 13:58:33.984 +08:00 [ERR] [ReadDocument][148] Document does not exist!!
2020-09-23 13:59:00.753 +08:00 [ERR] [ReadDocument][148] Document does not exist!!
2020-09-23 13:59:52.758 +08:00 [ERR] [ReadDocument][148] Document does not exist!!
2020-09-23 21:56:20.322 +08:00 [ERR] [ReadDocument][148] Document does not exist!!
2020-09-23 22:25:37.646 +08:00 [ERR] [ReadDocument][148] Document does not exist!!
2020-09-23 22:26:59.800 +08:00 [ERR] [ReadDocument][148] Document does not exist!!
2020-09-23 22:27:23.582 +08:00 [ERR] [ReadDocument][148] Document does not exist!!
2020-09-23 22:27:51.345 +08:00 [ERR] [ReadDocument][148] Document does not exist!!
2020-09-23 23:11:31.530 +08:00 [ERR] [ReadDocument][148] Document does not exist!!
2020-09-23 23:11:35.532 +08:00 [ERR] [ReadDocument][148] Document does not exist!!
2020-09-23 23:29:57.389 +08:00 [ERR] [ReadDocument][148] Document does not exist!!
2020-09-23 23:30:16.321 +08:00 [ERR] [ReadDocument][148] Document does not exist!!
2020-09-23 23:32:47.782 +08:00 [ERR] [ReadDocument][148] Document does not exist!!
2020-09-23 23:32:48.886 +08:00 [ERR] [LinkMosaicAsync][490] Flurl.Http.FlurlHttpException: Call failed with status code 404 (Not Found): GET https://bctestnet1.brimstone.xpxsirius.io/mosaic/9403255562443525
   at Flurl.Http.FlurlRequest.HandleExceptionAsync(HttpCall call, Exception ex, CancellationToken token)
   at Flurl.Http.FlurlRequest.SendAsync(HttpMethod verb, HttpContent content, CancellationToken cancellationToken, HttpCompletionOption completionOption)
   at Flurl.Http.FlurlRequest.SendAsync(HttpMethod verb, HttpContent content, CancellationToken cancellationToken, HttpCompletionOption completionOption)
   at Flurl.Http.HttpResponseMessageExtensions.ReceiveJson[T](Task`1 response)
   at ProximaX.Sirius.Chain.Sdk.Infrastructure.MosaicHttp.<>c__DisplayClass2_0.<<GetMosaic>b__0>d.MoveNext()
--- End of stack trace from previous location where exception was thrown ---
   at System.Reactive.PlatformServices.ExceptionServicesImpl.Rethrow(Exception exception) in D:\a\1\s\Rx.NET\Source\src\System.Reactive\Internal\ExceptionServicesImpl.cs:line 16
   at System.Reactive.ExceptionHelpers.ThrowIfNotNull(Exception exception) in D:\a\1\s\Rx.NET\Source\src\System.Reactive\Internal\ExceptionServices.cs:line 22
   at System.Reactive.Subjects.AsyncSubject`1.GetResult() in D:\a\1\s\Rx.NET\Source\src\System.Reactive\Subjects\AsyncSubject.cs:line 439
   at Xarcade.Infrastructure.ProximaX.ProximaxBlockchainPortal.LinkMosaicAsync(LinkMosaicParams param) in D:\Projects\dotnet\csharp-xrcd-rest-proto\bsg\Xarcade.Infrastructure\ProximaX\ProximaxBlockchainPortal.cs:line 453
2020-09-23 23:33:04.489 +08:00 [ERR] [ReadDocument][148] Document does not exist!!
2020-09-23 23:33:05.266 +08:00 [ERR] [LinkMosaicAsync][490] Flurl.Http.FlurlHttpException: Call failed with status code 404 (Not Found): GET https://bctestnet1.brimstone.xpxsirius.io/mosaic/9403255562443525
   at Flurl.Http.FlurlRequest.HandleExceptionAsync(HttpCall call, Exception ex, CancellationToken token)
   at Flurl.Http.FlurlRequest.SendAsync(HttpMethod verb, HttpContent content, CancellationToken cancellationToken, HttpCompletionOption completionOption)
   at Flurl.Http.FlurlRequest.SendAsync(HttpMethod verb, HttpContent content, CancellationToken cancellationToken, HttpCompletionOption completionOption)
   at Flurl.Http.HttpResponseMessageExtensions.ReceiveJson[T](Task`1 response)
   at ProximaX.Sirius.Chain.Sdk.Infrastructure.MosaicHttp.<>c__DisplayClass2_0.<<GetMosaic>b__0>d.MoveNext()
--- End of stack trace from previous location where exception was thrown ---
   at System.Reactive.PlatformServices.ExceptionServicesImpl.Rethrow(Exception exception) in D:\a\1\s\Rx.NET\Source\src\System.Reactive\Internal\ExceptionServicesImpl.cs:line 16
   at System.Reactive.ExceptionHelpers.ThrowIfNotNull(Exception exception) in D:\a\1\s\Rx.NET\Source\src\System.Reactive\Internal\ExceptionServices.cs:line 22
   at System.Reactive.Subjects.AsyncSubject`1.GetResult() in D:\a\1\s\Rx.NET\Source\src\System.Reactive\Subjects\AsyncSubject.cs:line 439
   at Xarcade.Infrastructure.ProximaX.ProximaxBlockchainPortal.LinkMosaicAsync(LinkMosaicParams param) in D:\Projects\dotnet\csharp-xrcd-rest-proto\bsg\Xarcade.Infrastructure\ProximaX\ProximaxBlockchainPortal.cs:line 453
2020-09-23 23:34:59.647 +08:00 [ERR] [ReadDocument][148] Document does not exist!!
2020-09-23 23:35:00.522 +08:00 [ERR] [LinkMosaicAsync][490] Flurl.Http.FlurlHttpException: Call failed with status code 404 (Not Found): GET https://bctestnet1.brimstone.xpxsirius.io/mosaic/9403255562443525
   at Flurl.Http.FlurlRequest.HandleExceptionAsync(HttpCall call, Exception ex, CancellationToken token)
   at Flurl.Http.FlurlRequest.SendAsync(HttpMethod verb, HttpContent content, CancellationToken cancellationToken, HttpCompletionOption completionOption)
   at Flurl.Http.FlurlRequest.SendAsync(HttpMethod verb, HttpContent content, CancellationToken cancellationToken, HttpCompletionOption completionOption)
   at Flurl.Http.HttpResponseMessageExtensions.ReceiveJson[T](Task`1 response)
   at ProximaX.Sirius.Chain.Sdk.Infrastructure.MosaicHttp.<>c__DisplayClass2_0.<<GetMosaic>b__0>d.MoveNext()
--- End of stack trace from previous location where exception was thrown ---
   at System.Reactive.PlatformServices.ExceptionServicesImpl.Rethrow(Exception exception) in D:\a\1\s\Rx.NET\Source\src\System.Reactive\Internal\ExceptionServicesImpl.cs:line 16
   at System.Reactive.ExceptionHelpers.ThrowIfNotNull(Exception exception) in D:\a\1\s\Rx.NET\Source\src\System.Reactive\Internal\ExceptionServices.cs:line 22
   at System.Reactive.Subjects.AsyncSubject`1.GetResult() in D:\a\1\s\Rx.NET\Source\src\System.Reactive\Subjects\AsyncSubject.cs:line 439
   at Xarcade.Infrastructure.ProximaX.ProximaxBlockchainPortal.LinkMosaicAsync(LinkMosaicParams param) in D:\Projects\dotnet\csharp-xrcd-rest-proto\bsg\Xarcade.Infrastructure\ProximaX\ProximaxBlockchainPortal.cs:line 453
2020-09-23 23:35:36.816 +08:00 [ERR] [ReadDocument][148] Document does not exist!!
2020-09-23 23:35:37.657 +08:00 [ERR] [LinkMosaicAsync][490] Flurl.Http.FlurlHttpException: Call failed with status code 404 (Not Found): GET https://bctestnet1.brimstone.xpxsirius.io/mosaic/9403255562443525
   at Flurl.Http.FlurlRequest.HandleExceptionAsync(HttpCall call, Exception ex, CancellationToken token)
   at Flurl.Http.FlurlRequest.SendAsync(HttpMethod verb, HttpContent content, CancellationToken cancellationToken, HttpCompletionOption completionOption)
   at Flurl.Http.FlurlRequest.SendAsync(HttpMethod verb, HttpContent content, CancellationToken cancellationToken, HttpCompletionOption completionOption)
   at Flurl.Http.HttpResponseMessageExtensions.ReceiveJson[T](Task`1 response)
   at ProximaX.Sirius.Chain.Sdk.Infrastructure.MosaicHttp.<>c__DisplayClass2_0.<<GetMosaic>b__0>d.MoveNext()
--- End of stack trace from previous location where exception was thrown ---
   at System.Reactive.PlatformServices.ExceptionServicesImpl.Rethrow(Exception exception) in D:\a\1\s\Rx.NET\Source\src\System.Reactive\Internal\ExceptionServicesImpl.cs:line 16
   at System.Reactive.ExceptionHelpers.ThrowIfNotNull(Exception exception) in D:\a\1\s\Rx.NET\Source\src\System.Reactive\Internal\ExceptionServices.cs:line 22
   at System.Reactive.Subjects.AsyncSubject`1.GetResult() in D:\a\1\s\Rx.NET\Source\src\System.Reactive\Subjects\AsyncSubject.cs:line 439
   at Xarcade.Infrastructure.ProximaX.ProximaxBlockchainPortal.LinkMosaicAsync(LinkMosaicParams param) in D:\Projects\dotnet\csharp-xrcd-rest-proto\bsg\Xarcade.Infrastructure\ProximaX\ProximaxBlockchainPortal.cs:line 453
2020-09-23 23:37:03.451 +08:00 [ERR] [ReadDocument][148] Document does not exist!!
2020-09-23 23:37:04.274 +08:00 [ERR] [LinkMosaicAsync][490] Flurl.Http.FlurlHttpException: Call failed with status code 404 (Not Found): GET https://bctestnet1.brimstone.xpxsirius.io/mosaic/9403255562443525
   at Flurl.Http.FlurlRequest.HandleExceptionAsync(HttpCall call, Exception ex, CancellationToken token)
   at Flurl.Http.FlurlRequest.SendAsync(HttpMethod verb, HttpContent content, CancellationToken cancellationToken, HttpCompletionOption completionOption)
   at Flurl.Http.FlurlRequest.SendAsync(HttpMethod verb, HttpContent content, CancellationToken cancellationToken, HttpCompletionOption completionOption)
   at Flurl.Http.HttpResponseMessageExtensions.ReceiveJson[T](Task`1 response)
   at ProximaX.Sirius.Chain.Sdk.Infrastructure.MosaicHttp.<>c__DisplayClass2_0.<<GetMosaic>b__0>d.MoveNext()
--- End of stack trace from previous location where exception was thrown ---
   at System.Reactive.PlatformServices.ExceptionServicesImpl.Rethrow(Exception exception) in D:\a\1\s\Rx.NET\Source\src\System.Reactive\Internal\ExceptionServicesImpl.cs:line 16
   at System.Reactive.ExceptionHelpers.ThrowIfNotNull(Exception exception) in D:\a\1\s\Rx.NET\Source\src\System.Reactive\Internal\ExceptionServices.cs:line 22
   at System.Reactive.Subjects.AsyncSubject`1.GetResult() in D:\a\1\s\Rx.NET\Source\src\System.Reactive\Subjects\AsyncSubject.cs:line 439
   at Xarcade.Infrastructure.ProximaX.ProximaxBlockchainPortal.LinkMosaicAsync(LinkMosaicParams param) in D:\Projects\dotnet\csharp-xrcd-rest-proto\bsg\Xarcade.Infrastructure\ProximaX\ProximaxBlockchainPortal.cs:line 453
2020-09-23 23:51:52.403 +08:00 [ERR] [ReadDocument][148] Document does not exist!!
2020-09-23 23:51:53.266 +08:00 [ERR] [LinkMosaicAsync][500] Flurl.Http.FlurlHttpException: Call failed with status code 404 (Not Found): GET https://bctestnet1.brimstone.xpxsirius.io/mosaic/9403255562443525
   at Flurl.Http.FlurlRequest.HandleExceptionAsync(HttpCall call, Exception ex, CancellationToken token)
   at Flurl.Http.FlurlRequest.SendAsync(HttpMethod verb, HttpContent content, CancellationToken cancellationToken, HttpCompletionOption completionOption)
   at Flurl.Http.FlurlRequest.SendAsync(HttpMethod verb, HttpContent content, CancellationToken cancellationToken, HttpCompletionOption completionOption)
   at Flurl.Http.HttpResponseMessageExtensions.ReceiveJson[T](Task`1 response)
   at ProximaX.Sirius.Chain.Sdk.Infrastructure.MosaicHttp.<>c__DisplayClass2_0.<<GetMosaic>b__0>d.MoveNext()
--- End of stack trace from previous location where exception was thrown ---
   at System.Reactive.PlatformServices.ExceptionServicesImpl.Rethrow(Exception exception) in D:\a\1\s\Rx.NET\Source\src\System.Reactive\Internal\ExceptionServicesImpl.cs:line 16
   at System.Reactive.ExceptionHelpers.ThrowIfNotNull(Exception exception) in D:\a\1\s\Rx.NET\Source\src\System.Reactive\Internal\ExceptionServices.cs:line 22
   at System.Reactive.Subjects.AsyncSubject`1.GetResult() in D:\a\1\s\Rx.NET\Source\src\System.Reactive\Subjects\AsyncSubject.cs:line 439
   at Xarcade.Infrastructure.ProximaX.ProximaxBlockchainPortal.LinkMosaicAsync(LinkMosaicParams param) in D:\Projects\dotnet\csharp-xrcd-rest-proto\bsg\Xarcade.Infrastructure\ProximaX\ProximaxBlockchainPortal.cs:line 453
2020-09-23 23:52:33.984 +08:00 [ERR] [ReadDocument][148] Document does not exist!!
2020-09-23 23:52:34.806 +08:00 [ERR] [LinkMosaicAsync][500] Flurl.Http.FlurlHttpException: Call failed with status code 404 (Not Found): GET https://bctestnet1.brimstone.xpxsirius.io/mosaic/9403255562443525
   at Flurl.Http.FlurlRequest.HandleExceptionAsync(HttpCall call, Exception ex, CancellationToken token)
   at Flurl.Http.FlurlRequest.SendAsync(HttpMethod verb, HttpContent content, CancellationToken cancellationToken, HttpCompletionOption completionOption)
   at Flurl.Http.FlurlRequest.SendAsync(HttpMethod verb, HttpContent content, CancellationToken cancellationToken, HttpCompletionOption completionOption)
   at Flurl.Http.HttpResponseMessageExtensions.ReceiveJson[T](Task`1 response)
   at ProximaX.Sirius.Chain.Sdk.Infrastructure.MosaicHttp.<>c__DisplayClass2_0.<<GetMosaic>b__0>d.MoveNext()
--- End of stack trace from previous location where exception was thrown ---
   at System.Reactive.PlatformServices.ExceptionServicesImpl.Rethrow(Exception exception) in D:\a\1\s\Rx.NET\Source\src\System.Reactive\Internal\ExceptionServicesImpl.cs:line 16
   at System.Reactive.ExceptionHelpers.ThrowIfNotNull(Exception exception) in D:\a\1\s\Rx.NET\Source\src\System.Reactive\Internal\ExceptionServices.cs:line 22
   at System.Reactive.Subjects.AsyncSubject`1.GetResult() in D:\a\1\s\Rx.NET\Source\src\System.Reactive\Subjects\AsyncSubject.cs:line 439
   at Xarcade.Infrastructure.ProximaX.ProximaxBlockchainPortal.LinkMosaicAsync(LinkMosaicParams param) in D:\Projects\dotnet\csharp-xrcd-rest-proto\bsg\Xarcade.Infrastructure\ProximaX\ProximaxBlockchainPortal.cs:line 453
